<?xml version="1.0" encoding="UTF-8"?>
<!-- Generated by org.testng.reporters.JUnitReportReporter -->
<testsuite hostname="IBM674-PC0GJ334" failures="0" tests="1" name="com.training.sanity.tests.L3MenuReturnsRun" time="134.663" errors="0" timestamp="09 Aug 2019 10:34:04 GMT" skipped="0">
  <testcase classname="com.training.sanity.tests.L3MenuReturnsRun" name="validLoginTest" time="134.663"/>
</testsuite> <!-- com.training.sanity.tests.L3MenuReturnsRun -->
