<?xml version="1.0" encoding="UTF-8"?>
<!-- Generated by org.testng.reporters.JUnitReportReporter -->
<testsuite hostname="IBM674-PC0GJ334" failures="0" tests="1" name="com.training.sanity.tests.LoginTests" time="32.733" errors="0" timestamp="05 Aug 2019 14:08:35 GMT" skipped="0">
  <testcase classname="com.training.sanity.tests.LoginTests" name="validLoginTest" time="32.733"/>
</testsuite> <!-- com.training.sanity.tests.LoginTests -->
